<?xml version="1.0" encoding="UTF-8"?>
<testng-results ignored="0" total="2" passed="2" failed="0" skipped="0">
  <reporter-output>
  </reporter-output>
  <suite started-at="2023-04-07T10:56:16 IST" name="All Test Suite" finished-at="2023-04-07T10:56:54 IST" duration-ms="37159">
    <groups>
    </groups>
    <test started-at="2023-04-07T10:56:16 IST" name="C:/Users/kumar/IdeaProjects/SwagLabProject/src/test/java/org/example/GmailLoginTest.java" finished-at="2023-04-07T10:56:37 IST" duration-ms="20698">
      <class name="org.example.GmailLoginTest">
        <test-method is-config="true" signature="setupDriver(java.lang.String,java.lang.String)[pri:0, instance:org.example.GmailLoginTest@694abbdc]" started-at="2023-04-07T10:56:17 IST" name="setupDriver" finished-at="2023-04-07T10:56:26 IST" duration-ms="9064" status="PASS">
          <params>
            <param index="0">
              <value>
                <![CDATA[edge]]>
              </value>
            </param>
            <param index="1">
              <value>
                <![CDATA[https://www.google.com/]]>
              </value>
            </param>
          </params>
          <reporter-output>
          </reporter-output>
        </test-method> <!-- setupDriver -->
        <test-method signature="getTitleFromPage()[pri:0, instance:org.example.GmailLoginTest@694abbdc]" started-at="2023-04-07T10:56:26 IST" name="getTitleFromPage" finished-at="2023-04-07T10:56:37 IST" duration-ms="11439" status="PASS">
          <reporter-output>
          </reporter-output>
        </test-method> <!-- getTitleFromPage -->
        <test-method is-config="true" signature="closeDriver()[pri:0, instance:org.example.GmailLoginTest@694abbdc]" started-at="2023-04-07T10:56:37 IST" name="closeDriver" finished-at="2023-04-07T10:56:37 IST" duration-ms="156" status="PASS">
          <reporter-output>
          </reporter-output>
        </test-method> <!-- closeDriver -->
      </class> <!-- org.example.GmailLoginTest -->
    </test> <!-- C:/Users/kumar/IdeaProjects/SwagLabProject/src/test/java/org/example/GmailLoginTest.java -->
    <test started-at="2023-04-07T10:56:37 IST" name="test2" finished-at="2023-04-07T10:56:54 IST" duration-ms="16414">
      <class name="org.example.GmailLoginTest">
        <test-method is-config="true" signature="setupDriver(java.lang.String,java.lang.String)[pri:0, instance:org.example.GmailLoginTest@36902638]" started-at="2023-04-07T10:56:37 IST" name="setupDriver" finished-at="2023-04-07T10:56:42 IST" duration-ms="4965" status="PASS">
          <params>
            <param index="0">
              <value>
                <![CDATA[chrome]]>
              </value>
            </param>
            <param index="1">
              <value>
                <![CDATA[https://www.google.com/]]>
              </value>
            </param>
          </params>
          <reporter-output>
          </reporter-output>
        </test-method> <!-- setupDriver -->
        <test-method signature="getTitleFromPage()[pri:0, instance:org.example.GmailLoginTest@36902638]" started-at="2023-04-07T10:56:42 IST" name="getTitleFromPage" finished-at="2023-04-07T10:56:54 IST" duration-ms="11344" status="PASS">
          <reporter-output>
          </reporter-output>
        </test-method> <!-- getTitleFromPage -->
        <test-method is-config="true" signature="closeDriver()[pri:0, instance:org.example.GmailLoginTest@36902638]" started-at="2023-04-07T10:56:54 IST" name="closeDriver" finished-at="2023-04-07T10:56:54 IST" duration-ms="103" status="PASS">
          <reporter-output>
          </reporter-output>
        </test-method> <!-- closeDriver -->
      </class> <!-- org.example.GmailLoginTest -->
    </test> <!-- test2 -->
  </suite> <!-- All Test Suite -->
</testng-results>
